UVM_INFO /home/runner/sr_scoreboard.sv(81) @ 5: uvm_test_top.env_h.scoreboard_h [write_mon OUT ]  s=0  r=0 ||  q=x qbar=x
UVM_INFO /home/runner/sr_scoreboard.sv(49) @ 5: uvm_test_top.env_h.scoreboard_h [write_drv STIM]  s=0  r=1
UVM_INFO /home/runner/sr_scoreboard.sv(81) @ 10: uvm_test_top.env_h.scoreboard_h [write_mon OUT ]  s=0  r=1 ||  q=0 qbar=1
UVM_INFO /home/runner/sr_scoreboard.sv(49) @ 10: uvm_test_top.env_h.scoreboard_h [write_drv STIM]  s=1  r=0
UVM_INFO /home/runner/sr_scoreboard.sv(98) @ 10: uvm_test_top.env_h.scoreboard_h [
 [ PASS ]  s=0  r=1 ||  q=0 qbar=1
UVM_INFO /home/runner/sr_scoreboard.sv(81) @ 15: uvm_test_top.env_h.scoreboard_h [write_mon OUT ]  s=1  r=0 ||  q=1 qbar=0
UVM_INFO /home/runner/sr_scoreboard.sv(49) @ 15: uvm_test_top.env_h.scoreboard_h [write_drv STIM]  s=1  r=0
UVM_INFO /home/runner/sr_scoreboard.sv(98) @ 15: uvm_test_top.env_h.scoreboard_h [
 [ PASS ]  s=1  r=0 ||  q=1 qbar=0
UVM_INFO /home/runner/sr_scoreboard.sv(81) @ 20: uvm_test_top.env_h.scoreboard_h [write_mon OUT ]  s=1  r=0 ||  q=1 qbar=0
UVM_INFO /home/runner/sr_scoreboard.sv(49) @ 20: uvm_test_top.env_h.scoreboard_h [write_drv STIM]  s=0  r=1
UVM_INFO /home/runner/sr_scoreboard.sv(98) @ 20: uvm_test_top.env_h.scoreboard_h [
 [ PASS ]  s=1  r=0 ||  q=1 qbar=0
UVM_INFO /home/runner/sr_scoreboard.sv(81) @ 25: uvm_test_top.env_h.scoreboard_h [write_mon OUT ]  s=0  r=1 ||  q=0 qbar=1
UVM_INFO /home/runner/sr_scoreboard.sv(49) @ 25: uvm_test_top.env_h.scoreboard_h [write_drv STIM]  s=0  r=1
UVM_INFO /home/runner/sr_scoreboard.sv(98) @ 25: uvm_test_top.env_h.scoreboard_h [
 [ PASS ]  s=0  r=1 ||  q=0 qbar=1
UVM_INFO /home/runner/sr_scoreboard.sv(81) @ 30: uvm_test_top.env_h.scoreboard_h [write_mon OUT ]  s=0  r=1 ||  q=0 qbar=1
UVM_INFO /home/runner/sr_scoreboard.sv(49) @ 30: uvm_test_top.env_h.scoreboard_h [write_drv STIM]  s=1  r=0
UVM_INFO /home/runner/sr_scoreboard.sv(98) @ 30: uvm_test_top.env_h.scoreboard_h [
 [ PASS ]  s=0  r=1 ||  q=0 qbar=1
UVM_INFO /home/runner/sr_scoreboard.sv(81) @ 35: uvm_test_top.env_h.scoreboard_h [write_mon OUT ]  s=1  r=0 ||  q=1 qbar=0
UVM_INFO /home/runner/sr_scoreboard.sv(49) @ 35: uvm_test_top.env_h.scoreboard_h [write_drv STIM]  s=1  r=0
UVM_INFO /home/runner/sr_scoreboard.sv(98) @ 35: uvm_test_top.env_h.scoreboard_h [
 [ PASS ]  s=1  r=0 ||  q=1 qbar=0
UVM_INFO /home/runner/sr_scoreboard.sv(81) @ 40: uvm_test_top.env_h.scoreboard_h [write_mon OUT ]  s=1  r=0 ||  q=1 qbar=0
UVM_INFO /home/runner/sr_scoreboard.sv(49) @ 40: uvm_test_top.env_h.scoreboard_h [write_drv STIM]  s=0  r=1
UVM_INFO /home/runner/sr_scoreboard.sv(98) @ 40: uvm_test_top.env_h.scoreboard_h [
 [ PASS ]  s=1  r=0 ||  q=1 qbar=0
UVM_INFO /home/runner/sr_scoreboard.sv(81) @ 45: uvm_test_top.env_h.scoreboard_h [write_mon OUT ]  s=0  r=1 ||  q=0 qbar=1
UVM_INFO /home/runner/sr_scoreboard.sv(49) @ 45: uvm_test_top.env_h.scoreboard_h [write_drv STIM]  s=0  r=1
UVM_INFO /home/runner/sr_scoreboard.sv(98) @ 45: uvm_test_top.env_h.scoreboard_h [
 [ PASS ]  s=0  r=1 ||  q=0 qbar=1
UVM_INFO /home/runner/sr_scoreboard.sv(81) @ 50: uvm_test_top.env_h.scoreboard_h [write_mon OUT ]  s=0  r=1 ||  q=0 qbar=1
UVM_INFO /home/runner/sr_scoreboard.sv(49) @ 50: uvm_test_top.env_h.scoreboard_h [write_drv STIM]  s=1  r=0
UVM_INFO /home/runner/sr_scoreboard.sv(98) @ 50: uvm_test_top.env_h.scoreboard_h [
 [ PASS ]  s=0  r=1 ||  q=0 qbar=1
UVM_INFO /home/runner/sr_scoreboard.sv(81) @ 55: uvm_test_top.env_h.scoreboard_h [write_mon OUT ]  s=1  r=0 ||  q=1 qbar=0
UVM_INFO /home/runner/sr_scoreboard.sv(49) @ 55: uvm_test_top.env_h.scoreboard_h [write_drv STIM]  s=1  r=0
UVM_INFO /home/runner/sr_scoreboard.sv(98) @ 55: uvm_test_top.env_h.scoreboard_h [
 [ PASS ]  s=1  r=0 ||  q=1 qbar=0
UVM_INFO /home/runner/sr_scoreboard.sv(81) @ 60: uvm_test_top.env_h.scoreboard_h [write_mon OUT ]  s=1  r=0 ||  q=1 qbar=0
UVM_INFO /home/runner/sr_scoreboard.sv(49) @ 60: uvm_test_top.env_h.scoreboard_h [write_drv STIM]  s=0  r=1
UVM_INFO /home/runner/sr_scoreboard.sv(98) @ 60: uvm_test_top.env_h.scoreboard_h [
 [ PASS ]  s=1  r=0 ||  q=1 qbar=0
UVM_INFO /home/runner/sr_scoreboard.sv(81) @ 65: uvm_test_top.env_h.scoreboard_h [write_mon OUT ]  s=0  r=1 ||  q=0 qbar=1
UVM_INFO /home/runner/sr_scoreboard.sv(49) @ 65: uvm_test_top.env_h.scoreboard_h [write_drv STIM]  s=0  r=1
UVM_INFO /home/runner/sr_scoreboard.sv(98) @ 65: uvm_test_top.env_h.scoreboard_h [
 [ PASS ]  s=0  r=1 ||  q=0 qbar=1
UVM_INFO /home/runner/sr_scoreboard.sv(81) @ 70: uvm_test_top.env_h.scoreboard_h [write_mon OUT ]  s=0  r=1 ||  q=0 qbar=1
UVM_INFO /home/runner/sr_scoreboard.sv(49) @ 70: uvm_test_top.env_h.scoreboard_h [write_drv STIM]  s=1  r=0
UVM_INFO /home/runner/sr_scoreboard.sv(98) @ 70: uvm_test_top.env_h.scoreboard_h [
 [ PASS ]  s=0  r=1 ||  q=0 qbar=1
UVM_INFO /home/runner/sr_scoreboard.sv(81) @ 75: uvm_test_top.env_h.scoreboard_h [write_mon OUT ]  s=1  r=0 ||  q=1 qbar=0
UVM_INFO /home/runner/sr_scoreboard.sv(49) @ 75: uvm_test_top.env_h.scoreboard_h [write_drv STIM]  s=1  r=0
UVM_INFO /home/runner/sr_scoreboard.sv(98) @ 75: uvm_test_top.env_h.scoreboard_h [
 [ PASS ]  s=1  r=0 ||  q=1 qbar=0
UVM_INFO /home/runner/sr_scoreboard.sv(81) @ 80: uvm_test_top.env_h.scoreboard_h [write_mon OUT ]  s=1  r=0 ||  q=1 qbar=0
UVM_INFO /home/runner/sr_scoreboard.sv(49) @ 80: uvm_test_top.env_h.scoreboard_h [write_drv STIM]  s=0  r=1
UVM_INFO /home/runner/sr_scoreboard.sv(98) @ 80: uvm_test_top.env_h.scoreboard_h [
 [ PASS ]  s=1  r=0 ||  q=1 qbar=0
UVM_INFO /home/runner/sr_scoreboard.sv(81) @ 85: uvm_test_top.env_h.scoreboard_h [write_mon OUT ]  s=0  r=1 ||  q=0 qbar=1
UVM_INFO /home/runner/sr_scoreboard.sv(49) @ 85: uvm_test_top.env_h.scoreboard_h [write_drv STIM]  s=0  r=1
UVM_INFO /home/runner/sr_scoreboard.sv(98) @ 85: uvm_test_top.env_h.scoreboard_h [
 [ PASS ]  s=0  r=1 ||  q=0 qbar=1
UVM_INFO /home/runner/sr_scoreboard.sv(81) @ 90: uvm_test_top.env_h.scoreboard_h [write_mon OUT ]  s=0  r=1 ||  q=0 qbar=1
UVM_INFO /home/runner/sr_scoreboard.sv(49) @ 90: uvm_test_top.env_h.scoreboard_h [write_drv STIM]  s=1  r=0
UVM_INFO /home/runner/sr_scoreboard.sv(98) @ 90: uvm_test_top.env_h.scoreboard_h [
 [ PASS ]  s=0  r=1 ||  q=0 qbar=1
UVM_INFO /home/runner/sr_scoreboard.sv(81) @ 95: uvm_test_top.env_h.scoreboard_h [write_mon OUT ]  s=1  r=0 ||  q=1 qbar=0
UVM_INFO /home/runner/sr_scoreboard.sv(49) @ 95: uvm_test_top.env_h.scoreboard_h [write_drv STIM]  s=1  r=0
UVM_INFO /home/runner/sr_scoreboard.sv(98) @ 95: uvm_test_top.env_h.scoreboard_h [
 [ PASS ]  s=1  r=0 ||  q=1 qbar=0
UVM_INFO /home/runner/sr_scoreboard.sv(81) @ 100: uvm_test_top.env_h.scoreboard_h [write_mon OUT ]  s=1  r=0 ||  q=1 qbar=0
UVM_INFO /home/runner/sr_scoreboard.sv(49) @ 100: uvm_test_top.env_h.scoreboard_h [write_drv STIM]  s=0  r=1
UVM_INFO /home/runner/sr_scoreboard.sv(98) @ 100: uvm_test_top.env_h.scoreboard_h [
 [ PASS ]  s=1  r=0 ||  q=1 qbar=0
UVM_INFO /home/runner/sr_scoreboard.sv(81) @ 105: uvm_test_top.env_h.scoreboard_h [write_mon OUT ]  s=0  r=1 ||  q=0 qbar=1
UVM_INFO /home/runner/sr_scoreboard.sv(49) @ 105: uvm_test_top.env_h.scoreboard_h [write_drv STIM]  s=0  r=1
UVM_INFO /home/runner/sr_scoreboard.sv(98) @ 105: uvm_test_top.env_h.scoreboard_h [
 [ PASS ]  s=0  r=1 ||  q=0 qbar=1
UVM_INFO /home/runner/sr_scoreboard.sv(81) @ 110: uvm_test_top.env_h.scoreboard_h [write_mon OUT ]  s=0  r=1 ||  q=0 qbar=1
UVM_INFO /home/runner/sr_scoreboard.sv(49) @ 110: uvm_test_top.env_h.scoreboard_h [write_drv STIM]  s=1  r=0
UVM_INFO /home/runner/sr_scoreboard.sv(98) @ 110: uvm_test_top.env_h.scoreboard_h [
 [ PASS ]  s=0  r=1 ||  q=0 qbar=1
UVM_INFO /home/runner/sr_scoreboard.sv(81) @ 115: uvm_test_top.env_h.scoreboard_h [write_mon OUT ]  s=1  r=0 ||  q=1 qbar=0
UVM_INFO /home/runner/sr_scoreboard.sv(49) @ 115: uvm_test_top.env_h.scoreboard_h [write_drv STIM]  s=1  r=0
UVM_INFO /home/runner/sr_scoreboard.sv(98) @ 115: uvm_test_top.env_h.scoreboard_h [
 [ PASS ]  s=1  r=0 ||  q=1 qbar=0
UVM_INFO /home/runner/sr_scoreboard.sv(81) @ 120: uvm_test_top.env_h.scoreboard_h [write_mon OUT ]  s=1  r=0 ||  q=1 qbar=0
UVM_INFO /home/runner/sr_scoreboard.sv(49) @ 120: uvm_test_top.env_h.scoreboard_h [write_drv STIM]  s=0  r=1
UVM_INFO /home/runner/sr_scoreboard.sv(98) @ 120: uvm_test_top.env_h.scoreboard_h [
 [ PASS ]  s=1  r=0 ||  q=1 qbar=0
UVM_INFO /home/runner/sr_scoreboard.sv(81) @ 125: uvm_test_top.env_h.scoreboard_h [write_mon OUT ]  s=0  r=1 ||  q=0 qbar=1
UVM_INFO /home/runner/sr_scoreboard.sv(49) @ 125: uvm_test_top.env_h.scoreboard_h [write_drv STIM]  s=0  r=1
UVM_INFO /home/runner/sr_scoreboard.sv(98) @ 125: uvm_test_top.env_h.scoreboard_h [
 [ PASS ]  s=0  r=1 ||  q=0 qbar=1
UVM_INFO /home/runner/sr_scoreboard.sv(81) @ 130: uvm_test_top.env_h.scoreboard_h [write_mon OUT ]  s=0  r=1 ||  q=0 qbar=1
UVM_INFO /home/runner/sr_scoreboard.sv(49) @ 130: uvm_test_top.env_h.scoreboard_h [write_drv STIM]  s=1  r=0
UVM_INFO /home/runner/sr_scoreboard.sv(98) @ 130: uvm_test_top.env_h.scoreboard_h [
 [ PASS ]  s=0  r=1 ||  q=0 qbar=1
UVM_INFO /home/runner/sr_scoreboard.sv(81) @ 135: uvm_test_top.env_h.scoreboard_h [write_mon OUT ]  s=1  r=0 ||  q=1 qbar=0
UVM_INFO /home/runner/sr_scoreboard.sv(49) @ 135: uvm_test_top.env_h.scoreboard_h [write_drv STIM]  s=1  r=0
UVM_INFO /home/runner/sr_scoreboard.sv(98) @ 135: uvm_test_top.env_h.scoreboard_h [
 [ PASS ]  s=1  r=0 ||  q=1 qbar=0
UVM_INFO /home/runner/sr_scoreboard.sv(81) @ 140: uvm_test_top.env_h.scoreboard_h [write_mon OUT ]  s=1  r=0 ||  q=1 qbar=0
UVM_INFO /home/runner/sr_scoreboard.sv(49) @ 140: uvm_test_top.env_h.scoreboard_h [write_drv STIM]  s=0  r=1
UVM_INFO /home/runner/sr_scoreboard.sv(98) @ 140: uvm_test_top.env_h.scoreboard_h [
 [ PASS ]  s=1  r=0 ||  q=1 qbar=0
UVM_INFO /home/runner/sr_scoreboard.sv(81) @ 145: uvm_test_top.env_h.scoreboard_h [write_mon OUT ]  s=0  r=1 ||  q=0 qbar=1
UVM_INFO /home/runner/sr_scoreboard.sv(49) @ 145: uvm_test_top.env_h.scoreboard_h [write_drv STIM]  s=0  r=1
UVM_INFO /home/runner/sr_scoreboard.sv(98) @ 145: uvm_test_top.env_h.scoreboard_h [
 [ PASS ]  s=0  r=1 ||  q=0 qbar=1
UVM_INFO /home/runner/sr_scoreboard.sv(81) @ 150: uvm_test_top.env_h.scoreboard_h [write_mon OUT ]  s=0  r=1 ||  q=0 qbar=1
UVM_INFO /home/runner/sr_scoreboard.sv(49) @ 150: uvm_test_top.env_h.scoreboard_h [write_drv STIM]  s=1  r=0
UVM_INFO /home/runner/sr_scoreboard.sv(98) @ 150: uvm_test_top.env_h.scoreboard_h [
 [ PASS ]  s=0  r=1 ||  q=0 qbar=1
UVM_INFO /home/runner/sr_scoreboard.sv(81) @ 155: uvm_test_top.env_h.scoreboard_h [write_mon OUT ]  s=1  r=0 ||  q=1 qbar=0
UVM_INFO /home/runner/sr_scoreboard.sv(49) @ 155: uvm_test_top.env_h.scoreboard_h [write_drv STIM]  s=1  r=0
UVM_INFO /home/runner/sr_scoreboard.sv(98) @ 155: uvm_test_top.env_h.scoreboard_h [
 [ PASS ]  s=1  r=0 ||  q=1 qbar=0
UVM_INFO /home/runner/sr_scoreboard.sv(81) @ 160: uvm_test_top.env_h.scoreboard_h [write_mon OUT ]  s=1  r=0 ||  q=1 qbar=0
UVM_INFO /home/runner/sr_scoreboard.sv(49) @ 160: uvm_test_top.env_h.scoreboard_h [write_drv STIM]  s=0  r=1
UVM_INFO /home/runner/sr_scoreboard.sv(98) @ 160: uvm_test_top.env_h.scoreboard_h [
 [ PASS ]  s=1  r=0 ||  q=1 qbar=0
UVM_INFO /home/runner/sr_scoreboard.sv(81) @ 165: uvm_test_top.env_h.scoreboard_h [write_mon OUT ]  s=0  r=1 ||  q=0 qbar=1
UVM_INFO /home/runner/sr_scoreboard.sv(49) @ 165: uvm_test_top.env_h.scoreboard_h [write_drv STIM]  s=0  r=1
UVM_INFO /home/runner/sr_scoreboard.sv(98) @ 165: uvm_test_top.env_h.scoreboard_h [
 [ PASS ]  s=0  r=1 ||  q=0 qbar=1
UVM_INFO /home/runner/sr_scoreboard.sv(81) @ 170: uvm_test_top.env_h.scoreboard_h [write_mon OUT ]  s=0  r=1 ||  q=0 qbar=1
UVM_INFO /home/runner/sr_scoreboard.sv(49) @ 170: uvm_test_top.env_h.scoreboard_h [write_drv STIM]  s=1  r=0
UVM_INFO /home/runner/sr_scoreboard.sv(98) @ 170: uvm_test_top.env_h.scoreboard_h [
 [ PASS ]  s=0  r=1 ||  q=0 qbar=1
UVM_INFO /home/runner/sr_scoreboard.sv(81) @ 175: uvm_test_top.env_h.scoreboard_h [write_mon OUT ]  s=1  r=0 ||  q=1 qbar=0
UVM_INFO /home/runner/sr_scoreboard.sv(49) @ 175: uvm_test_top.env_h.scoreboard_h [write_drv STIM]  s=1  r=0
UVM_INFO /home/runner/sr_scoreboard.sv(98) @ 175: uvm_test_top.env_h.scoreboard_h [
 [ PASS ]  s=1  r=0 ||  q=1 qbar=0
UVM_INFO /home/runner/sr_scoreboard.sv(81) @ 180: uvm_test_top.env_h.scoreboard_h [write_mon OUT ]  s=1  r=0 ||  q=1 qbar=0
UVM_INFO /home/runner/sr_scoreboard.sv(49) @ 180: uvm_test_top.env_h.scoreboard_h [write_drv STIM]  s=0  r=1
UVM_INFO /home/runner/sr_scoreboard.sv(98) @ 180: uvm_test_top.env_h.scoreboard_h [
 [ PASS ]  s=1  r=0 ||  q=1 qbar=0
UVM_INFO /home/runner/sr_scoreboard.sv(81) @ 185: uvm_test_top.env_h.scoreboard_h [write_mon OUT ]  s=0  r=1 ||  q=0 qbar=1
UVM_INFO /home/runner/sr_scoreboard.sv(49) @ 185: uvm_test_top.env_h.scoreboard_h [write_drv STIM]  s=0  r=1
UVM_INFO /home/runner/sr_scoreboard.sv(98) @ 185: uvm_test_top.env_h.scoreboard_h [
 [ PASS ]  s=0  r=1 ||  q=0 qbar=1
UVM_INFO /home/runner/sr_scoreboard.sv(81) @ 190: uvm_test_top.env_h.scoreboard_h [write_mon OUT ]  s=0  r=1 ||  q=0 qbar=1
UVM_INFO /home/runner/sr_scoreboard.sv(49) @ 190: uvm_test_top.env_h.scoreboard_h [write_drv STIM]  s=1  r=0
UVM_INFO /home/runner/sr_scoreboard.sv(98) @ 190: uvm_test_top.env_h.scoreboard_h [
 [ PASS ]  s=0  r=1 ||  q=0 qbar=1
UVM_INFO /home/runner/sr_scoreboard.sv(81) @ 195: uvm_test_top.env_h.scoreboard_h [write_mon OUT ]  s=1  r=0 ||  q=1 qbar=0
UVM_INFO /home/runner/sr_scoreboard.sv(49) @ 195: uvm_test_top.env_h.scoreboard_h [write_drv STIM]  s=1  r=0
UVM_INFO /home/runner/sr_scoreboard.sv(98) @ 195: uvm_test_top.env_h.scoreboard_h [
 [ PASS ]  s=1  r=0 ||  q=1 qbar=0
UVM_INFO /home/runner/sr_scoreboard.sv(81) @ 200: uvm_test_top.env_h.scoreboard_h [write_mon OUT ]  s=1  r=0 ||  q=1 qbar=0
UVM_INFO /home/runner/sr_scoreboard.sv(49) @ 200: uvm_test_top.env_h.scoreboard_h [write_drv STIM]  s=0  r=1
UVM_INFO /home/runner/sr_scoreboard.sv(98) @ 200: uvm_test_top.env_h.scoreboard_h [
 [ PASS ]  s=1  r=0 ||  q=1 qbar=0
UVM_INFO /home/runner/sr_scoreboard.sv(81) @ 205: uvm_test_top.env_h.scoreboard_h [write_mon OUT ]  s=0  r=1 ||  q=0 qbar=1
UVM_INFO /home/runner/sr_scoreboard.sv(49) @ 205: uvm_test_top.env_h.scoreboard_h [write_drv STIM]  s=0  r=1
UVM_INFO /home/runner/sr_scoreboard.sv(98) @ 205: uvm_test_top.env_h.scoreboard_h [
 [ PASS ]  s=0  r=1 ||  q=0 qbar=1
UVM_INFO /home/runner/sr_scoreboard.sv(81) @ 210: uvm_test_top.env_h.scoreboard_h [write_mon OUT ]  s=0  r=1 ||  q=0 qbar=1
UVM_INFO /home/runner/sr_scoreboard.sv(49) @ 210: uvm_test_top.env_h.scoreboard_h [write_drv STIM]  s=1  r=0
UVM_INFO /home/runner/sr_scoreboard.sv(98) @ 210: uvm_test_top.env_h.scoreboard_h [
 [ PASS ]  s=0  r=1 ||  q=0 qbar=1
UVM_INFO /home/runner/sr_scoreboard.sv(81) @ 215: uvm_test_top.env_h.scoreboard_h [write_mon OUT ]  s=1  r=0 ||  q=1 qbar=0
UVM_INFO /home/runner/sr_scoreboard.sv(49) @ 215: uvm_test_top.env_h.scoreboard_h [write_drv STIM]  s=1  r=0
UVM_INFO /home/runner/sr_scoreboard.sv(98) @ 215: uvm_test_top.env_h.scoreboard_h [
 [ PASS ]  s=1  r=0 ||  q=1 qbar=0
UVM_INFO /home/runner/sr_scoreboard.sv(81) @ 220: uvm_test_top.env_h.scoreboard_h [write_mon OUT ]  s=1  r=0 ||  q=1 qbar=0
UVM_INFO /home/runner/sr_scoreboard.sv(49) @ 220: uvm_test_top.env_h.scoreboard_h [write_drv STIM]  s=0  r=1
UVM_INFO /home/runner/sr_scoreboard.sv(98) @ 220: uvm_test_top.env_h.scoreboard_h [
 [ PASS ]  s=1  r=0 ||  q=1 qbar=0
UVM_INFO /home/runner/sr_scoreboard.sv(81) @ 225: uvm_test_top.env_h.scoreboard_h [write_mon OUT ]  s=0  r=1 ||  q=0 qbar=1
UVM_INFO /home/runner/sr_scoreboard.sv(49) @ 225: uvm_test_top.env_h.scoreboard_h [write_drv STIM]  s=0  r=1
UVM_INFO /home/runner/sr_scoreboard.sv(98) @ 225: uvm_test_top.env_h.scoreboard_h [
 [ PASS ]  s=0  r=1 ||  q=0 qbar=1
UVM_INFO /home/runner/sr_scoreboard.sv(81) @ 230: uvm_test_top.env_h.scoreboard_h [write_mon OUT ]  s=0  r=1 ||  q=0 qbar=1
UVM_INFO /home/runner/sr_scoreboard.sv(49) @ 230: uvm_test_top.env_h.scoreboard_h [write_drv STIM]  s=1  r=0
UVM_INFO /home/runner/sr_scoreboard.sv(98) @ 230: uvm_test_top.env_h.scoreboard_h [
 [ PASS ]  s=0  r=1 ||  q=0 qbar=1
UVM_INFO /home/runner/sr_scoreboard.sv(81) @ 235: uvm_test_top.env_h.scoreboard_h [write_mon OUT ]  s=1  r=0 ||  q=1 qbar=0
UVM_INFO /home/runner/sr_scoreboard.sv(49) @ 235: uvm_test_top.env_h.scoreboard_h [write_drv STIM]  s=1  r=0
UVM_INFO /home/runner/sr_scoreboard.sv(98) @ 235: uvm_test_top.env_h.scoreboard_h [
 [ PASS ]  s=1  r=0 ||  q=1 qbar=0
UVM_INFO /home/runner/sr_scoreboard.sv(81) @ 240: uvm_test_top.env_h.scoreboard_h [write_mon OUT ]  s=1  r=0 ||  q=1 qbar=0
UVM_INFO /home/runner/sr_scoreboard.sv(49) @ 240: uvm_test_top.env_h.scoreboard_h [write_drv STIM]  s=0  r=1
UVM_INFO /home/runner/sr_scoreboard.sv(98) @ 240: uvm_test_top.env_h.scoreboard_h [
 [ PASS ]  s=1  r=0 ||  q=1 qbar=0
UVM_INFO /home/runner/sr_scoreboard.sv(81) @ 245: uvm_test_top.env_h.scoreboard_h [write_mon OUT ]  s=0  r=1 ||  q=0 qbar=1
UVM_INFO /home/runner/sr_scoreboard.sv(49) @ 245: uvm_test_top.env_h.scoreboard_h [write_drv STIM]  s=0  r=1
UVM_INFO /home/runner/sr_scoreboard.sv(98) @ 245: uvm_test_top.env_h.scoreboard_h [
 [ PASS ]  s=0  r=1 ||  q=0 qbar=1
UVM_INFO /home/runner/sr_scoreboard.sv(81) @ 250: uvm_test_top.env_h.scoreboard_h [write_mon OUT ]  s=0  r=1 ||  q=0 qbar=1
UVM_INFO /home/runner/sr_scoreboard.sv(49) @ 250: uvm_test_top.env_h.scoreboard_h [write_drv STIM]  s=1  r=0
UVM_INFO /home/runner/sr_scoreboard.sv(98) @ 250: uvm_test_top.env_h.scoreboard_h [
 [ PASS ]  s=0  r=1 ||  q=0 qbar=1
UVM_INFO /home/runner/sr_scoreboard.sv(81) @ 255: uvm_test_top.env_h.scoreboard_h [write_mon OUT ]  s=1  r=0 ||  q=1 qbar=0
UVM_INFO /home/runner/sr_scoreboard.sv(49) @ 255: uvm_test_top.env_h.scoreboard_h [write_drv STIM]  s=1  r=0
UVM_INFO /home/runner/sr_scoreboard.sv(98) @ 255: uvm_test_top.env_h.scoreboard_h [
 [ PASS ]  s=1  r=0 ||  q=1 qbar=0
UVM_INFO /home/runner/sr_scoreboard.sv(81) @ 260: uvm_test_top.env_h.scoreboard_h [write_mon OUT ]  s=1  r=0 ||  q=1 qbar=0
UVM_INFO /home/runner/sr_scoreboard.sv(49) @ 260: uvm_test_top.env_h.scoreboard_h [write_drv STIM]  s=0  r=0
UVM_INFO /home/runner/sr_scoreboard.sv(98) @ 260: uvm_test_top.env_h.scoreboard_h [
 [ PASS ]  s=1  r=0 ||  q=1 qbar=0
UVM_INFO /home/runner/sr_scoreboard.sv(81) @ 265: uvm_test_top.env_h.scoreboard_h [write_mon OUT ]  s=0  r=0 ||  q=1 qbar=0
UVM_INFO /home/runner/sr_scoreboard.sv(49) @ 265: uvm_test_top.env_h.scoreboard_h [write_drv STIM]  s=1  r=0
UVM_INFO /home/runner/sr_scoreboard.sv(98) @ 265: uvm_test_top.env_h.scoreboard_h [
 [ PASS ]  s=0  r=0 ||  q=1 qbar=0
UVM_INFO /home/runner/sr_scoreboard.sv(81) @ 270: uvm_test_top.env_h.scoreboard_h [write_mon OUT ]  s=1  r=0 ||  q=1 qbar=0
UVM_INFO /home/runner/sr_scoreboard.sv(49) @ 270: uvm_test_top.env_h.scoreboard_h [write_drv STIM]  s=0  r=0
UVM_INFO /home/runner/sr_scoreboard.sv(98) @ 270: uvm_test_top.env_h.scoreboard_h [
 [ PASS ]  s=1  r=0 ||  q=1 qbar=0
UVM_INFO /home/runner/sr_scoreboard.sv(81) @ 275: uvm_test_top.env_h.scoreboard_h [write_mon OUT ]  s=0  r=0 ||  q=1 qbar=0
UVM_INFO /home/runner/sr_scoreboard.sv(49) @ 275: uvm_test_top.env_h.scoreboard_h [write_drv STIM]  s=1  r=0
UVM_INFO /home/runner/sr_scoreboard.sv(98) @ 275: uvm_test_top.env_h.scoreboard_h [
 [ PASS ]  s=0  r=0 ||  q=1 qbar=0
UVM_INFO /home/runner/sr_scoreboard.sv(81) @ 280: uvm_test_top.env_h.scoreboard_h [write_mon OUT ]  s=1  r=0 ||  q=1 qbar=0
UVM_INFO /home/runner/sr_scoreboard.sv(49) @ 280: uvm_test_top.env_h.scoreboard_h [write_drv STIM]  s=0  r=0
UVM_INFO /home/runner/sr_scoreboard.sv(98) @ 280: uvm_test_top.env_h.scoreboard_h [
 [ PASS ]  s=1  r=0 ||  q=1 qbar=0
UVM_INFO /home/runner/sr_scoreboard.sv(81) @ 285: uvm_test_top.env_h.scoreboard_h [write_mon OUT ]  s=0  r=0 ||  q=1 qbar=0
UVM_INFO /home/runner/sr_scoreboard.sv(49) @ 285: uvm_test_top.env_h.scoreboard_h [write_drv STIM]  s=1  r=0
UVM_INFO /home/runner/sr_scoreboard.sv(98) @ 285: uvm_test_top.env_h.scoreboard_h [
 [ PASS ]  s=0  r=0 ||  q=1 qbar=0
UVM_INFO /home/runner/sr_scoreboard.sv(81) @ 290: uvm_test_top.env_h.scoreboard_h [write_mon OUT ]  s=1  r=0 ||  q=1 qbar=0
UVM_INFO /home/runner/sr_scoreboard.sv(49) @ 290: uvm_test_top.env_h.scoreboard_h [write_drv STIM]  s=0  r=0
UVM_INFO /home/runner/sr_scoreboard.sv(98) @ 290: uvm_test_top.env_h.scoreboard_h [
 [ PASS ]  s=1  r=0 ||  q=1 qbar=0
UVM_INFO /home/runner/sr_scoreboard.sv(81) @ 295: uvm_test_top.env_h.scoreboard_h [write_mon OUT ]  s=0  r=0 ||  q=1 qbar=0
UVM_INFO /home/runner/sr_scoreboard.sv(49) @ 295: uvm_test_top.env_h.scoreboard_h [write_drv STIM]  s=1  r=0
UVM_INFO /home/runner/sr_scoreboard.sv(98) @ 295: uvm_test_top.env_h.scoreboard_h [
 [ PASS ]  s=0  r=0 ||  q=1 qbar=0
UVM_INFO /home/runner/sr_scoreboard.sv(81) @ 300: uvm_test_top.env_h.scoreboard_h [write_mon OUT ]  s=1  r=0 ||  q=1 qbar=0
UVM_INFO /home/runner/sr_scoreboard.sv(49) @ 300: uvm_test_top.env_h.scoreboard_h [write_drv STIM]  s=0  r=0
UVM_INFO /home/runner/sr_scoreboard.sv(98) @ 300: uvm_test_top.env_h.scoreboard_h [
 [ PASS ]  s=1  r=0 ||  q=1 qbar=0
UVM_INFO /home/runner/sr_scoreboard.sv(81) @ 305: uvm_test_top.env_h.scoreboard_h [write_mon OUT ]  s=0  r=0 ||  q=1 qbar=0
UVM_INFO /home/runner/sr_scoreboard.sv(49) @ 305: uvm_test_top.env_h.scoreboard_h [write_drv STIM]  s=1  r=0
UVM_INFO /home/runner/sr_scoreboard.sv(98) @ 305: uvm_test_top.env_h.scoreboard_h [
 [ PASS ]  s=0  r=0 ||  q=1 qbar=0
UVM_INFO /home/runner/sr_scoreboard.sv(81) @ 310: uvm_test_top.env_h.scoreboard_h [write_mon OUT ]  s=1  r=0 ||  q=1 qbar=0
UVM_INFO /home/runner/sr_scoreboard.sv(49) @ 310: uvm_test_top.env_h.scoreboard_h [write_drv STIM]  s=0  r=0
UVM_INFO /home/runner/sr_scoreboard.sv(98) @ 310: uvm_test_top.env_h.scoreboard_h [
 [ PASS ]  s=1  r=0 ||  q=1 qbar=0
UVM_INFO /home/runner/sr_scoreboard.sv(81) @ 315: uvm_test_top.env_h.scoreboard_h [write_mon OUT ]  s=0  r=0 ||  q=1 qbar=0
UVM_INFO /home/runner/sr_scoreboard.sv(49) @ 315: uvm_test_top.env_h.scoreboard_h [write_drv STIM]  s=1  r=0
UVM_INFO /home/runner/sr_scoreboard.sv(98) @ 315: uvm_test_top.env_h.scoreboard_h [
 [ PASS ]  s=0  r=0 ||  q=1 qbar=0
UVM_INFO /home/runner/sr_scoreboard.sv(81) @ 320: uvm_test_top.env_h.scoreboard_h [write_mon OUT ]  s=1  r=0 ||  q=1 qbar=0
UVM_INFO /home/runner/sr_scoreboard.sv(49) @ 320: uvm_test_top.env_h.scoreboard_h [write_drv STIM]  s=0  r=0
UVM_INFO /home/runner/sr_scoreboard.sv(98) @ 320: uvm_test_top.env_h.scoreboard_h [
 [ PASS ]  s=1  r=0 ||  q=1 qbar=0
UVM_INFO /home/runner/sr_scoreboard.sv(81) @ 325: uvm_test_top.env_h.scoreboard_h [write_mon OUT ]  s=0  r=0 ||  q=1 qbar=0
UVM_INFO /home/runner/sr_scoreboard.sv(49) @ 325: uvm_test_top.env_h.scoreboard_h [write_drv STIM]  s=1  r=0
UVM_INFO /home/runner/sr_scoreboard.sv(98) @ 325: uvm_test_top.env_h.scoreboard_h [
 [ PASS ]  s=0  r=0 ||  q=1 qbar=0
UVM_INFO /home/runner/sr_scoreboard.sv(81) @ 330: uvm_test_top.env_h.scoreboard_h [write_mon OUT ]  s=1  r=0 ||  q=1 qbar=0
UVM_INFO /home/runner/sr_scoreboard.sv(49) @ 330: uvm_test_top.env_h.scoreboard_h [write_drv STIM]  s=0  r=0
UVM_INFO /home/runner/sr_scoreboard.sv(98) @ 330: uvm_test_top.env_h.scoreboard_h [
 [ PASS ]  s=1  r=0 ||  q=1 qbar=0
UVM_INFO /home/runner/sr_scoreboard.sv(81) @ 335: uvm_test_top.env_h.scoreboard_h [write_mon OUT ]  s=0  r=0 ||  q=1 qbar=0
UVM_INFO /home/runner/sr_scoreboard.sv(49) @ 335: uvm_test_top.env_h.scoreboard_h [write_drv STIM]  s=1  r=0
UVM_INFO /home/runner/sr_scoreboard.sv(98) @ 335: uvm_test_top.env_h.scoreboard_h [
 [ PASS ]  s=0  r=0 ||  q=1 qbar=0
UVM_INFO /home/runner/sr_scoreboard.sv(81) @ 340: uvm_test_top.env_h.scoreboard_h [write_mon OUT ]  s=1  r=0 ||  q=1 qbar=0
UVM_INFO /home/runner/sr_scoreboard.sv(49) @ 340: uvm_test_top.env_h.scoreboard_h [write_drv STIM]  s=0  r=0
UVM_INFO /home/runner/sr_scoreboard.sv(98) @ 340: uvm_test_top.env_h.scoreboard_h [
 [ PASS ]  s=1  r=0 ||  q=1 qbar=0
UVM_INFO /home/runner/sr_scoreboard.sv(81) @ 345: uvm_test_top.env_h.scoreboard_h [write_mon OUT ]  s=0  r=0 ||  q=1 qbar=0
UVM_INFO /home/runner/sr_scoreboard.sv(49) @ 345: uvm_test_top.env_h.scoreboard_h [write_drv STIM]  s=1  r=0
UVM_INFO /home/runner/sr_scoreboard.sv(98) @ 345: uvm_test_top.env_h.scoreboard_h [
 [ PASS ]  s=0  r=0 ||  q=1 qbar=0
UVM_INFO /home/runner/sr_scoreboard.sv(81) @ 350: uvm_test_top.env_h.scoreboard_h [write_mon OUT ]  s=1  r=0 ||  q=1 qbar=0
UVM_INFO /home/runner/sr_scoreboard.sv(49) @ 350: uvm_test_top.env_h.scoreboard_h [write_drv STIM]  s=0  r=0
UVM_INFO /home/runner/sr_scoreboard.sv(98) @ 350: uvm_test_top.env_h.scoreboard_h [
 [ PASS ]  s=1  r=0 ||  q=1 qbar=0
UVM_INFO /home/runner/sr_scoreboard.sv(81) @ 355: uvm_test_top.env_h.scoreboard_h [write_mon OUT ]  s=0  r=0 ||  q=1 qbar=0
UVM_INFO /home/runner/sr_scoreboard.sv(49) @ 355: uvm_test_top.env_h.scoreboard_h [write_drv STIM]  s=0  r=1
UVM_INFO /home/runner/sr_scoreboard.sv(98) @ 355: uvm_test_top.env_h.scoreboard_h [
 [ PASS ]  s=0  r=0 ||  q=1 qbar=0
UVM_INFO /home/runner/sr_scoreboard.sv(81) @ 360: uvm_test_top.env_h.scoreboard_h [write_mon OUT ]  s=0  r=1 ||  q=0 qbar=1
UVM_INFO /home/runner/sr_scoreboard.sv(49) @ 360: uvm_test_top.env_h.scoreboard_h [write_drv STIM]  s=0  r=0
UVM_INFO /home/runner/sr_scoreboard.sv(98) @ 360: uvm_test_top.env_h.scoreboard_h [
 [ PASS ]  s=0  r=1 ||  q=0 qbar=1
UVM_INFO /home/runner/sr_scoreboard.sv(81) @ 365: uvm_test_top.env_h.scoreboard_h [write_mon OUT ]  s=0  r=0 ||  q=0 qbar=1
UVM_INFO /home/runner/sr_scoreboard.sv(49) @ 365: uvm_test_top.env_h.scoreboard_h [write_drv STIM]  s=0  r=1
UVM_INFO /home/runner/sr_scoreboard.sv(98) @ 365: uvm_test_top.env_h.scoreboard_h [
 [ PASS ]  s=0  r=0 ||  q=0 qbar=1
UVM_INFO /home/runner/sr_scoreboard.sv(81) @ 370: uvm_test_top.env_h.scoreboard_h [write_mon OUT ]  s=0  r=1 ||  q=0 qbar=1
UVM_INFO /home/runner/sr_scoreboard.sv(49) @ 370: uvm_test_top.env_h.scoreboard_h [write_drv STIM]  s=0  r=0
UVM_INFO /home/runner/sr_scoreboard.sv(98) @ 370: uvm_test_top.env_h.scoreboard_h [
 [ PASS ]  s=0  r=1 ||  q=0 qbar=1
UVM_INFO /home/runner/sr_scoreboard.sv(81) @ 375: uvm_test_top.env_h.scoreboard_h [write_mon OUT ]  s=0  r=0 ||  q=0 qbar=1
UVM_INFO /home/runner/sr_scoreboard.sv(49) @ 375: uvm_test_top.env_h.scoreboard_h [write_drv STIM]  s=0  r=1
UVM_INFO /home/runner/sr_scoreboard.sv(98) @ 375: uvm_test_top.env_h.scoreboard_h [
 [ PASS ]  s=0  r=0 ||  q=0 qbar=1
UVM_INFO /home/runner/sr_scoreboard.sv(81) @ 380: uvm_test_top.env_h.scoreboard_h [write_mon OUT ]  s=0  r=1 ||  q=0 qbar=1
UVM_INFO /home/runner/sr_scoreboard.sv(49) @ 380: uvm_test_top.env_h.scoreboard_h [write_drv STIM]  s=0  r=0
UVM_INFO /home/runner/sr_scoreboard.sv(98) @ 380: uvm_test_top.env_h.scoreboard_h [
 [ PASS ]  s=0  r=1 ||  q=0 qbar=1
UVM_INFO /home/runner/sr_scoreboard.sv(81) @ 385: uvm_test_top.env_h.scoreboard_h [write_mon OUT ]  s=0  r=0 ||  q=0 qbar=1
UVM_INFO /home/runner/sr_scoreboard.sv(49) @ 385: uvm_test_top.env_h.scoreboard_h [write_drv STIM]  s=0  r=1
UVM_INFO /home/runner/sr_scoreboard.sv(98) @ 385: uvm_test_top.env_h.scoreboard_h [
 [ PASS ]  s=0  r=0 ||  q=0 qbar=1
UVM_INFO /home/runner/sr_scoreboard.sv(81) @ 390: uvm_test_top.env_h.scoreboard_h [write_mon OUT ]  s=0  r=1 ||  q=0 qbar=1
UVM_INFO /home/runner/sr_scoreboard.sv(49) @ 390: uvm_test_top.env_h.scoreboard_h [write_drv STIM]  s=0  r=0
UVM_INFO /home/runner/sr_scoreboard.sv(98) @ 390: uvm_test_top.env_h.scoreboard_h [
 [ PASS ]  s=0  r=1 ||  q=0 qbar=1
UVM_INFO /home/runner/sr_scoreboard.sv(81) @ 395: uvm_test_top.env_h.scoreboard_h [write_mon OUT ]  s=0  r=0 ||  q=0 qbar=1
UVM_INFO /home/runner/sr_scoreboard.sv(49) @ 395: uvm_test_top.env_h.scoreboard_h [write_drv STIM]  s=0  r=1
UVM_INFO /home/runner/sr_scoreboard.sv(98) @ 395: uvm_test_top.env_h.scoreboard_h [
 [ PASS ]  s=0  r=0 ||  q=0 qbar=1
UVM_INFO /home/runner/sr_scoreboard.sv(81) @ 400: uvm_test_top.env_h.scoreboard_h [write_mon OUT ]  s=0  r=1 ||  q=0 qbar=1
UVM_INFO /home/runner/sr_scoreboard.sv(49) @ 400: uvm_test_top.env_h.scoreboard_h [write_drv STIM]  s=0  r=0
UVM_INFO /home/runner/sr_scoreboard.sv(98) @ 400: uvm_test_top.env_h.scoreboard_h [
 [ PASS ]  s=0  r=1 ||  q=0 qbar=1
UVM_INFO /home/runner/sr_scoreboard.sv(81) @ 405: uvm_test_top.env_h.scoreboard_h [write_mon OUT ]  s=0  r=0 ||  q=0 qbar=1
UVM_INFO /home/runner/sr_scoreboard.sv(49) @ 405: uvm_test_top.env_h.scoreboard_h [write_drv STIM]  s=0  r=1
UVM_INFO /home/runner/sr_scoreboard.sv(98) @ 405: uvm_test_top.env_h.scoreboard_h [
 [ PASS ]  s=0  r=0 ||  q=0 qbar=1
UVM_INFO /home/runner/sr_scoreboard.sv(81) @ 410: uvm_test_top.env_h.scoreboard_h [write_mon OUT ]  s=0  r=1 ||  q=0 qbar=1
UVM_INFO /home/runner/sr_scoreboard.sv(49) @ 410: uvm_test_top.env_h.scoreboard_h [write_drv STIM]  s=0  r=0
UVM_INFO /home/runner/sr_scoreboard.sv(98) @ 410: uvm_test_top.env_h.scoreboard_h [
 [ PASS ]  s=0  r=1 ||  q=0 qbar=1
UVM_INFO /home/runner/sr_scoreboard.sv(81) @ 415: uvm_test_top.env_h.scoreboard_h [write_mon OUT ]  s=0  r=0 ||  q=0 qbar=1
UVM_INFO /home/runner/sr_scoreboard.sv(49) @ 415: uvm_test_top.env_h.scoreboard_h [write_drv STIM]  s=0  r=1
UVM_INFO /home/runner/sr_scoreboard.sv(98) @ 415: uvm_test_top.env_h.scoreboard_h [
 [ PASS ]  s=0  r=0 ||  q=0 qbar=1
UVM_INFO /home/runner/sr_scoreboard.sv(81) @ 420: uvm_test_top.env_h.scoreboard_h [write_mon OUT ]  s=0  r=1 ||  q=0 qbar=1
UVM_INFO /home/runner/sr_scoreboard.sv(49) @ 420: uvm_test_top.env_h.scoreboard_h [write_drv STIM]  s=0  r=0
UVM_INFO /home/runner/sr_scoreboard.sv(98) @ 420: uvm_test_top.env_h.scoreboard_h [
 [ PASS ]  s=0  r=1 ||  q=0 qbar=1
UVM_INFO /home/runner/sr_scoreboard.sv(81) @ 425: uvm_test_top.env_h.scoreboard_h [write_mon OUT ]  s=0  r=0 ||  q=0 qbar=1
UVM_INFO /home/runner/sr_scoreboard.sv(49) @ 425: uvm_test_top.env_h.scoreboard_h [write_drv STIM]  s=0  r=1
UVM_INFO /home/runner/sr_scoreboard.sv(98) @ 425: uvm_test_top.env_h.scoreboard_h [
 [ PASS ]  s=0  r=0 ||  q=0 qbar=1
UVM_INFO /home/runner/sr_scoreboard.sv(81) @ 430: uvm_test_top.env_h.scoreboard_h [write_mon OUT ]  s=0  r=1 ||  q=0 qbar=1
UVM_INFO /home/runner/sr_scoreboard.sv(49) @ 430: uvm_test_top.env_h.scoreboard_h [write_drv STIM]  s=0  r=0
UVM_INFO /home/runner/sr_scoreboard.sv(98) @ 430: uvm_test_top.env_h.scoreboard_h [
 [ PASS ]  s=0  r=1 ||  q=0 qbar=1
UVM_INFO /home/runner/sr_scoreboard.sv(81) @ 435: uvm_test_top.env_h.scoreboard_h [write_mon OUT ]  s=0  r=0 ||  q=0 qbar=1
UVM_INFO /home/runner/sr_scoreboard.sv(49) @ 435: uvm_test_top.env_h.scoreboard_h [write_drv STIM]  s=0  r=1
UVM_INFO /home/runner/sr_scoreboard.sv(98) @ 435: uvm_test_top.env_h.scoreboard_h [
 [ PASS ]  s=0  r=0 ||  q=0 qbar=1
UVM_INFO /home/runner/sr_scoreboard.sv(81) @ 440: uvm_test_top.env_h.scoreboard_h [write_mon OUT ]  s=0  r=1 ||  q=0 qbar=1
UVM_INFO /home/runner/sr_scoreboard.sv(49) @ 440: uvm_test_top.env_h.scoreboard_h [write_drv STIM]  s=0  r=0
UVM_INFO /home/runner/sr_scoreboard.sv(98) @ 440: uvm_test_top.env_h.scoreboard_h [
 [ PASS ]  s=0  r=1 ||  q=0 qbar=1
UVM_INFO /home/runner/sr_scoreboard.sv(81) @ 445: uvm_test_top.env_h.scoreboard_h [write_mon OUT ]  s=0  r=0 ||  q=0 qbar=1
UVM_INFO /home/runner/sr_scoreboard.sv(49) @ 445: uvm_test_top.env_h.scoreboard_h [write_drv STIM]  s=0  r=1
UVM_INFO /home/runner/sr_scoreboard.sv(98) @ 445: uvm_test_top.env_h.scoreboard_h [
 [ PASS ]  s=0  r=0 ||  q=0 qbar=1
UVM_INFO /home/runner/sr_scoreboard.sv(81) @ 450: uvm_test_top.env_h.scoreboard_h [write_mon OUT ]  s=0  r=1 ||  q=0 qbar=1
UVM_INFO /home/runner/sr_scoreboard.sv(49) @ 450: uvm_test_top.env_h.scoreboard_h [write_drv STIM]  s=0  r=0
UVM_INFO /home/runner/sr_scoreboard.sv(98) @ 450: uvm_test_top.env_h.scoreboard_h [
 [ PASS ]  s=0  r=1 ||  q=0 qbar=1
UVM_INFO /home/runner/sr_scoreboard.sv(81) @ 455: uvm_test_top.env_h.scoreboard_h [write_mon OUT ]  s=0  r=0 ||  q=0 qbar=1
UVM_INFO /home/runner/sr_scoreboard.sv(49) @ 455: uvm_test_top.env_h.scoreboard_h [write_drv STIM]  s=1  r=1
UVM_INFO /home/runner/sr_scoreboard.sv(98) @ 455: uvm_test_top.env_h.scoreboard_h [
 [ PASS ]  s=0  r=0 ||  q=0 qbar=1
UVM_INFO /home/runner/sr_scoreboard.sv(81) @ 460: uvm_test_top.env_h.scoreboard_h [write_mon OUT ]  s=1  r=1 ||  q=x qbar=x
UVM_INFO /home/runner/sr_scoreboard.sv(49) @ 460: uvm_test_top.env_h.scoreboard_h [write_drv STIM]  s=0  r=0
UVM_INFO /home/runner/sr_scoreboard.sv(98) @ 460: uvm_test_top.env_h.scoreboard_h [
 [ PASS ]  s=1  r=1 ||  q=x qbar=x
UVM_INFO /home/runner/sr_scoreboard.sv(81) @ 465: uvm_test_top.env_h.scoreboard_h [write_mon OUT ]  s=0  r=0 ||  q=x qbar=x
UVM_INFO /home/runner/sr_scoreboard.sv(49) @ 465: uvm_test_top.env_h.scoreboard_h [write_drv STIM]  s=1  r=1
UVM_INFO /home/runner/sr_scoreboard.sv(98) @ 465: uvm_test_top.env_h.scoreboard_h [
 [ PASS ]  s=0  r=0 ||  q=x qbar=x
UVM_INFO /home/runner/sr_scoreboard.sv(81) @ 470: uvm_test_top.env_h.scoreboard_h [write_mon OUT ]  s=1  r=1 ||  q=x qbar=x
UVM_INFO /home/runner/sr_scoreboard.sv(49) @ 470: uvm_test_top.env_h.scoreboard_h [write_drv STIM]  s=0  r=0
UVM_INFO /home/runner/sr_scoreboard.sv(98) @ 470: uvm_test_top.env_h.scoreboard_h [
 [ PASS ]  s=1  r=1 ||  q=x qbar=x
UVM_INFO /home/runner/sr_scoreboard.sv(81) @ 475: uvm_test_top.env_h.scoreboard_h [write_mon OUT ]  s=0  r=0 ||  q=x qbar=x
UVM_INFO /home/runner/sr_scoreboard.sv(49) @ 475: uvm_test_top.env_h.scoreboard_h [write_drv STIM]  s=1  r=1
UVM_INFO /home/runner/sr_scoreboard.sv(98) @ 475: uvm_test_top.env_h.scoreboard_h [
 [ PASS ]  s=0  r=0 ||  q=x qbar=x
UVM_INFO /home/runner/sr_scoreboard.sv(81) @ 480: uvm_test_top.env_h.scoreboard_h [write_mon OUT ]  s=1  r=1 ||  q=x qbar=x
UVM_INFO /home/runner/sr_scoreboard.sv(49) @ 480: uvm_test_top.env_h.scoreboard_h [write_drv STIM]  s=0  r=0
UVM_INFO /home/runner/sr_scoreboard.sv(98) @ 480: uvm_test_top.env_h.scoreboard_h [
 [ PASS ]  s=1  r=1 ||  q=x qbar=x
UVM_INFO /home/runner/sr_scoreboard.sv(81) @ 485: uvm_test_top.env_h.scoreboard_h [write_mon OUT ]  s=0  r=0 ||  q=x qbar=x
UVM_INFO /home/runner/sr_scoreboard.sv(49) @ 485: uvm_test_top.env_h.scoreboard_h [write_drv STIM]  s=1  r=1
UVM_INFO /home/runner/sr_scoreboard.sv(98) @ 485: uvm_test_top.env_h.scoreboard_h [
 [ PASS ]  s=0  r=0 ||  q=x qbar=x
UVM_INFO /home/runner/sr_scoreboard.sv(81) @ 490: uvm_test_top.env_h.scoreboard_h [write_mon OUT ]  s=1  r=1 ||  q=x qbar=x
UVM_INFO /home/runner/sr_scoreboard.sv(49) @ 490: uvm_test_top.env_h.scoreboard_h [write_drv STIM]  s=0  r=0
UVM_INFO /home/runner/sr_scoreboard.sv(98) @ 490: uvm_test_top.env_h.scoreboard_h [
 [ PASS ]  s=1  r=1 ||  q=x qbar=x
UVM_INFO /home/runner/sr_scoreboard.sv(81) @ 495: uvm_test_top.env_h.scoreboard_h [write_mon OUT ]  s=0  r=0 ||  q=x qbar=x
UVM_INFO /home/runner/sr_scoreboard.sv(49) @ 495: uvm_test_top.env_h.scoreboard_h [write_drv STIM]  s=1  r=1
UVM_INFO /home/runner/sr_scoreboard.sv(98) @ 495: uvm_test_top.env_h.scoreboard_h [
 [ PASS ]  s=0  r=0 ||  q=x qbar=x
UVM_INFO /home/runner/sr_scoreboard.sv(81) @ 500: uvm_test_top.env_h.scoreboard_h [write_mon OUT ]  s=1  r=1 ||  q=x qbar=x
UVM_INFO /home/runner/sr_scoreboard.sv(49) @ 500: uvm_test_top.env_h.scoreboard_h [write_drv STIM]  s=0  r=0
UVM_INFO /home/runner/sr_scoreboard.sv(98) @ 500: uvm_test_top.env_h.scoreboard_h [
 [ PASS ]  s=1  r=1 ||  q=x qbar=x
UVM_INFO /home/runner/sr_scoreboard.sv(81) @ 505: uvm_test_top.env_h.scoreboard_h [write_mon OUT ]  s=0  r=0 ||  q=x qbar=x
UVM_INFO /home/runner/sr_scoreboard.sv(49) @ 505: uvm_test_top.env_h.scoreboard_h [write_drv STIM]  s=1  r=1
UVM_INFO /home/runner/sr_scoreboard.sv(98) @ 505: uvm_test_top.env_h.scoreboard_h [
 [ PASS ]  s=0  r=0 ||  q=x qbar=x
UVM_INFO /home/runner/sr_scoreboard.sv(81) @ 510: uvm_test_top.env_h.scoreboard_h [write_mon OUT ]  s=1  r=1 ||  q=x qbar=x
UVM_INFO /home/runner/sr_scoreboard.sv(49) @ 510: uvm_test_top.env_h.scoreboard_h [write_drv STIM]  s=0  r=0
UVM_INFO /home/runner/sr_scoreboard.sv(98) @ 510: uvm_test_top.env_h.scoreboard_h [
 [ PASS ]  s=1  r=1 ||  q=x qbar=x
UVM_INFO /home/runner/sr_scoreboard.sv(81) @ 515: uvm_test_top.env_h.scoreboard_h [write_mon OUT ]  s=0  r=0 ||  q=x qbar=x
UVM_INFO /home/runner/sr_scoreboard.sv(49) @ 515: uvm_test_top.env_h.scoreboard_h [write_drv STIM]  s=1  r=1
UVM_INFO /home/runner/sr_scoreboard.sv(98) @ 515: uvm_test_top.env_h.scoreboard_h [
 [ PASS ]  s=0  r=0 ||  q=x qbar=x
UVM_INFO /home/runner/sr_scoreboard.sv(81) @ 520: uvm_test_top.env_h.scoreboard_h [write_mon OUT ]  s=1  r=1 ||  q=x qbar=x
UVM_INFO /home/runner/sr_scoreboard.sv(49) @ 520: uvm_test_top.env_h.scoreboard_h [write_drv STIM]  s=0  r=0
UVM_INFO /home/runner/sr_scoreboard.sv(98) @ 520: uvm_test_top.env_h.scoreboard_h [
 [ PASS ]  s=1  r=1 ||  q=x qbar=x
UVM_INFO /home/runner/sr_scoreboard.sv(81) @ 525: uvm_test_top.env_h.scoreboard_h [write_mon OUT ]  s=0  r=0 ||  q=x qbar=x
UVM_INFO /home/runner/sr_scoreboard.sv(49) @ 525: uvm_test_top.env_h.scoreboard_h [write_drv STIM]  s=1  r=1
UVM_INFO /home/runner/sr_scoreboard.sv(98) @ 525: uvm_test_top.env_h.scoreboard_h [
 [ PASS ]  s=0  r=0 ||  q=x qbar=x
UVM_INFO /home/runner/sr_scoreboard.sv(81) @ 530: uvm_test_top.env_h.scoreboard_h [write_mon OUT ]  s=1  r=1 ||  q=x qbar=x
UVM_INFO /home/runner/sr_scoreboard.sv(49) @ 530: uvm_test_top.env_h.scoreboard_h [write_drv STIM]  s=0  r=0
UVM_INFO /home/runner/sr_scoreboard.sv(98) @ 530: uvm_test_top.env_h.scoreboard_h [
 [ PASS ]  s=1  r=1 ||  q=x qbar=x
UVM_INFO /home/runner/sr_scoreboard.sv(81) @ 535: uvm_test_top.env_h.scoreboard_h [write_mon OUT ]  s=0  r=0 ||  q=x qbar=x
UVM_INFO /home/runner/sr_scoreboard.sv(49) @ 535: uvm_test_top.env_h.scoreboard_h [write_drv STIM]  s=1  r=1
UVM_INFO /home/runner/sr_scoreboard.sv(98) @ 535: uvm_test_top.env_h.scoreboard_h [
 [ PASS ]  s=0  r=0 ||  q=x qbar=x
UVM_INFO /home/runner/sr_scoreboard.sv(81) @ 540: uvm_test_top.env_h.scoreboard_h [write_mon OUT ]  s=1  r=1 ||  q=x qbar=x
UVM_INFO /home/runner/sr_scoreboard.sv(49) @ 540: uvm_test_top.env_h.scoreboard_h [write_drv STIM]  s=0  r=0
UVM_INFO /home/runner/sr_scoreboard.sv(98) @ 540: uvm_test_top.env_h.scoreboard_h [
 [ PASS ]  s=1  r=1 ||  q=x qbar=x
UVM_INFO /home/runner/sr_scoreboard.sv(81) @ 545: uvm_test_top.env_h.scoreboard_h [write_mon OUT ]  s=0  r=0 ||  q=x qbar=x
UVM_INFO /home/runner/sr_scoreboard.sv(49) @ 545: uvm_test_top.env_h.scoreboard_h [write_drv STIM]  s=1  r=1
UVM_INFO /home/runner/sr_scoreboard.sv(98) @ 545: uvm_test_top.env_h.scoreboard_h [
 [ PASS ]  s=0  r=0 ||  q=x qbar=x
UVM_INFO /home/runner/sr_scoreboard.sv(81) @ 550: uvm_test_top.env_h.scoreboard_h [write_mon OUT ]  s=1  r=1 ||  q=x qbar=x
UVM_INFO /home/runner/sr_scoreboard.sv(49) @ 550: uvm_test_top.env_h.scoreboard_h [write_drv STIM]  s=0  r=0
UVM_INFO /home/runner/sr_scoreboard.sv(98) @ 550: uvm_test_top.env_h.scoreboard_h [
 [ PASS ]  s=1  r=1 ||  q=x qbar=x
UVM_INFO /home/runner/sr_scoreboard.sv(81) @ 555: uvm_test_top.env_h.scoreboard_h [write_mon OUT ]  s=0  r=0 ||  q=x qbar=x
UVM_INFO /home/runner/sr_scoreboard.sv(81) @ 560: uvm_test_top.env_h.scoreboard_h [write_mon OUT ]  s=0  r=0 ||  q=x qbar=x
UVM_INFO /home/runner/sr_scoreboard.sv(117) @ 560: uvm_test_top.env_h.scoreboard_h [PASSED] *** TEST PASSED - 109 vectors ran, 109 vectors passed ***
